\BOOKMARK [0][-]{part.1}{I User Guide}{}% 1
\BOOKMARK [1][-]{section.1}{Preface}{part.1}% 2
\BOOKMARK [2][-]{subsection.1.1}{Overview}{section.1}% 3
\BOOKMARK [2][-]{subsection.1.2}{Dependencies}{section.1}% 4
\BOOKMARK [1][-]{section.2}{Windows}{part.1}% 5
\BOOKMARK [2][-]{subsection.2.1}{Install Python}{section.2}% 6
\BOOKMARK [3][-]{subsubsection.2.1.1}{Obtain the Python binary}{subsection.2.1}% 7
\BOOKMARK [3][-]{subsubsection.2.1.2}{Setting the \044PATH}{subsection.2.1}% 8
\BOOKMARK [2][-]{subsection.2.2}{Install package manager}{section.2}% 9
\BOOKMARK [2][-]{subsection.2.3}{Install binary dependencies}{section.2}% 10
\BOOKMARK [2][-]{subsection.2.4}{Install dependencies}{section.2}% 11
\BOOKMARK [2][-]{subsection.2.5}{Use setlx2py}{section.2}% 12
\BOOKMARK [1][-]{section.3}{Linux}{part.1}% 13
\BOOKMARK [1][-]{section.4}{Mac OS}{part.1}% 14
\BOOKMARK [0][-]{part.2}{II The SetlX language}{}% 15
\BOOKMARK [1][-]{section.5}{Lexical analysis}{part.2}% 16
\BOOKMARK [2][-]{subsection.5.1}{Line structure}{section.5}% 17
\BOOKMARK [3][-]{subsubsection.5.1.1}{Logical lines}{subsection.5.1}% 18
\BOOKMARK [3][-]{subsubsection.5.1.2}{Physical lines}{subsection.5.1}% 19
\BOOKMARK [3][-]{subsubsection.5.1.3}{Comments}{subsection.5.1}% 20
\BOOKMARK [3][-]{subsubsection.5.1.4}{Blank lines}{subsection.5.1}% 21
\BOOKMARK [3][-]{subsubsection.5.1.5}{Whitespace}{subsection.5.1}% 22
\BOOKMARK [2][-]{subsection.5.2}{Identifiers and keywords}{section.5}% 23
\BOOKMARK [3][-]{subsubsection.5.2.1}{Identifier}{subsection.5.2}% 24
\BOOKMARK [3][-]{subsubsection.5.2.2}{Functor}{subsection.5.2}% 25
\BOOKMARK [2][-]{subsection.5.3}{Keywords}{section.5}% 26
\BOOKMARK [2][-]{subsection.5.4}{Literals}{section.5}% 27
\BOOKMARK [3][-]{subsubsection.5.4.1}{Character sequences}{subsection.5.4}% 28
\BOOKMARK [3][-]{subsubsection.5.4.2}{Numeric literals}{subsection.5.4}% 29
\BOOKMARK [2][-]{subsection.5.5}{Operators}{section.5}% 30
\BOOKMARK [2][-]{subsection.5.6}{Delimiters}{section.5}% 31
\BOOKMARK [1][-]{section.6}{Execution model}{part.2}% 32
\BOOKMARK [2][-]{subsection.6.1}{Scoping}{section.6}% 33
\BOOKMARK [1][-]{section.7}{Grammar}{part.2}% 34
\BOOKMARK [2][-]{subsection.7.1}{Top-level components}{section.7}% 35
\BOOKMARK [2][-]{subsection.7.2}{Expressions}{section.7}% 36
\BOOKMARK [3][-]{subsubsection.7.2.1}{Atom}{subsection.7.2}% 37
\BOOKMARK [3][-]{subsubsection.7.2.2}{Primaries}{subsection.7.2}% 38
\BOOKMARK [3][-]{subsubsection.7.2.3}{Enclosures}{subsection.7.2}% 39
\BOOKMARK [2][-]{subsection.7.3}{Simple statements}{section.7}% 40
\BOOKMARK [3][-]{subsubsection.7.3.1}{Assert statement}{subsection.7.3}% 41
\BOOKMARK [3][-]{subsubsection.7.3.2}{Assignment statement}{subsection.7.3}% 42
\BOOKMARK [3][-]{subsubsection.7.3.3}{Augmented assignment statement}{subsection.7.3}% 43
\BOOKMARK [3][-]{subsubsection.7.3.4}{Backtrack statement}{subsection.7.3}% 44
\BOOKMARK [3][-]{subsubsection.7.3.5}{Break statement}{subsection.7.3}% 45
\BOOKMARK [3][-]{subsubsection.7.3.6}{Continue statement}{subsection.7.3}% 46
\BOOKMARK [3][-]{subsubsection.7.3.7}{Exit statement}{subsection.7.3}% 47
\BOOKMARK [3][-]{subsubsection.7.3.8}{Expression statement}{subsection.7.3}% 48
\BOOKMARK [3][-]{subsubsection.7.3.9}{Return statement}{subsection.7.3}% 49
\BOOKMARK [2][-]{subsection.7.4}{Compound statements}{section.7}% 50
\BOOKMARK [3][-]{subsubsection.7.4.1}{Check statement}{subsection.7.4}% 51
\BOOKMARK [3][-]{subsubsection.7.4.2}{Class statement}{subsection.7.4}% 52
\BOOKMARK [3][-]{subsubsection.7.4.3}{Do-While statement}{subsection.7.4}% 53
\BOOKMARK [3][-]{subsubsection.7.4.4}{For-Loop statement}{subsection.7.4}% 54
\BOOKMARK [3][-]{subsubsection.7.4.5}{If statement}{subsection.7.4}% 55
\BOOKMARK [3][-]{subsubsection.7.4.6}{Match statement}{subsection.7.4}% 56
\BOOKMARK [3][-]{subsubsection.7.4.7}{Scan statement}{subsection.7.4}% 57
\BOOKMARK [3][-]{subsubsection.7.4.8}{Switch statement}{subsection.7.4}% 58
\BOOKMARK [3][-]{subsubsection.7.4.9}{Try statement}{subsection.7.4}% 59
\BOOKMARK [3][-]{subsubsection.7.4.10}{While-Loop statement}{subsection.7.4}% 60
\BOOKMARK [0][-]{part.3}{III Setlx2py internals}{}% 61
\BOOKMARK [1][-]{section.8}{Project structure}{part.3}% 62
\BOOKMARK [1][-]{section.9}{Testing}{part.3}% 63
\BOOKMARK [1][-]{section.10}{Running the tests}{part.3}% 64
\BOOKMARK [1][-]{section.11}{AST}{part.3}% 65
\BOOKMARK [1][-]{section.12}{Transformations}{part.3}% 66
\BOOKMARK [1][-]{section.13}{Code generation}{part.3}% 67
\BOOKMARK [1][-]{section.14}{Execution}{part.3}% 68
\BOOKMARK [1][-]{section.15}{Known issues}{part.3}% 69
